Determining if the system is big endian passed with the following output:
Change Dir: /home/comran/Code/uas/third_party/opencv/CMakeFiles/CMakeTmp

Run Build Command:"/usr/bin/make" "cmTryCompileExec3507822585/fast"
/usr/bin/make -f CMakeFiles/cmTryCompileExec3507822585.dir/build.make CMakeFiles/cmTryCompileExec3507822585.dir/build
make[1]: Entering directory '/home/comran/Code/uas/third_party/opencv/CMakeFiles/CMakeTmp'
/usr/bin/cmake -E cmake_progress_report /home/comran/Code/uas/third_party/opencv/CMakeFiles/CMakeTmp/CMakeFiles 1
Building C object CMakeFiles/cmTryCompileExec3507822585.dir/TestEndianess.c.o
/usr/bin/cc   -fsigned-char -W -Wall -Werror=return-type -Werror=non-virtual-dtor -Werror=address -Werror=sequence-point -Wformat -Werror=format-security -Wmissing-declarations -Wmissing-prototypes -Wstrict-prototypes -Wundef -Winit-self -Wpointer-arith -Wshadow -Wno-narrowing -fdiagnostics-show-option -Wno-long-long -pthread -fomit-frame-pointer -msse -msse2 -mno-avx -msse3 -mno-ssse3 -mno-sse4.1 -mno-sse4.2 -ffunction-sections -fvisibility=hidden  -O3 -DNDEBUG   -o CMakeFiles/cmTryCompileExec3507822585.dir/TestEndianess.c.o   -c /home/comran/Code/uas/third_party/opencv/CMakeFiles/CMakeTmp/TestEndianess.c
Linking C executable cmTryCompileExec3507822585
/usr/bin/cmake -E cmake_link_script CMakeFiles/cmTryCompileExec3507822585.dir/link.txt --verbose=1
/usr/bin/cc     -fsigned-char -W -Wall -Werror=return-type -Werror=non-virtual-dtor -Werror=address -Werror=sequence-point -Wformat -Werror=format-security -Wmissing-declarations -Wmissing-prototypes -Wstrict-prototypes -Wundef -Winit-self -Wpointer-arith -Wshadow -Wno-narrowing -fdiagnostics-show-option -Wno-long-long -pthread -fomit-frame-pointer -msse -msse2 -mno-avx -msse3 -mno-ssse3 -mno-sse4.1 -mno-sse4.2 -ffunction-sections -fvisibility=hidden  -O3 -DNDEBUG    CMakeFiles/cmTryCompileExec3507822585.dir/TestEndianess.c.o  -o cmTryCompileExec3507822585 -rdynamic 
make[1]: Leaving directory '/home/comran/Code/uas/third_party/opencv/CMakeFiles/CMakeTmp'

TestEndianess.c:
/* A 16 bit integer is required. */
typedef unsigned short cmakeint16;

/* On a little endian machine, these 16bit ints will give "THIS IS LITTLE ENDIAN."
   On a big endian machine the characters will be exchanged pairwise. */
const cmakeint16 info_little[] =  {0x4854, 0x5349, 0x4920, 0x2053, 0x494c, 0x5454, 0x454c, 0x4520, 0x444e, 0x4149, 0x2e4e, 0x0000};

/* on a big endian machine, these 16bit ints will give "THIS IS BIG ENDIAN."
   On a little endian machine the characters will be exchanged pairwise. */
const cmakeint16 info_big[] =     {0x5448, 0x4953, 0x2049, 0x5320, 0x4249, 0x4720, 0x454e, 0x4449, 0x414e, 0x2e2e, 0x0000};

#ifdef __CLASSIC_C__
int main(argc, argv) int argc; char *argv[];
#else
int main(int argc, char *argv[])
#endif
{
  int require = 0;
  require += info_little[argc];
  require += info_big[argc];
  (void)argv;
  return require;
}


Determining if the include file io.h exists failed with the following output:
Change Dir: /home/comran/Code/uas/third_party/opencv/CMakeFiles/CMakeTmp

Run Build Command:"/usr/bin/make" "cmTryCompileExec1168104382/fast"
/usr/bin/make -f CMakeFiles/cmTryCompileExec1168104382.dir/build.make CMakeFiles/cmTryCompileExec1168104382.dir/build
make[1]: Entering directory '/home/comran/Code/uas/third_party/opencv/CMakeFiles/CMakeTmp'
/usr/bin/cmake -E cmake_progress_report /home/comran/Code/uas/third_party/opencv/CMakeFiles/CMakeTmp/CMakeFiles 1
Building C object CMakeFiles/cmTryCompileExec1168104382.dir/CheckIncludeFile.c.o
/usr/bin/cc   -fsigned-char -W -Wall -Werror=return-type -Werror=non-virtual-dtor -Werror=address -Werror=sequence-point -Wformat -Werror=format-security -Wmissing-declarations -Wmissing-prototypes -Wstrict-prototypes -Wundef -Winit-self -Wpointer-arith -Wshadow -Wno-narrowing -fdiagnostics-show-option -Wno-long-long -pthread -fomit-frame-pointer -msse -msse2 -mno-avx -msse3 -mno-ssse3 -mno-sse4.1 -mno-sse4.2 -ffunction-sections -fvisibility=hidden  -O3 -DNDEBUG   -o CMakeFiles/cmTryCompileExec1168104382.dir/CheckIncludeFile.c.o   -c /home/comran/Code/uas/third_party/opencv/CMakeFiles/CMakeTmp/CheckIncludeFile.c
/home/comran/Code/uas/third_party/opencv/CMakeFiles/CMakeTmp/CheckIncludeFile.c:1:16: fatal error: io.h: No such file or directory
 #include <io.h>
                ^
compilation terminated.
CMakeFiles/cmTryCompileExec1168104382.dir/build.make:57: recipe for target 'CMakeFiles/cmTryCompileExec1168104382.dir/CheckIncludeFile.c.o' failed
make[1]: *** [CMakeFiles/cmTryCompileExec1168104382.dir/CheckIncludeFile.c.o] Error 1
make[1]: Leaving directory '/home/comran/Code/uas/third_party/opencv/CMakeFiles/CMakeTmp'
Makefile:118: recipe for target 'cmTryCompileExec1168104382/fast' failed
make: *** [cmTryCompileExec1168104382/fast] Error 2


Determining if the function jbg_newlen exists failed with the following output:
Change Dir: /home/comran/Code/uas/third_party/opencv/CMakeFiles/CMakeTmp

Run Build Command:"/usr/bin/make" "cmTryCompileExec1937339122/fast"
/usr/bin/make -f CMakeFiles/cmTryCompileExec1937339122.dir/build.make CMakeFiles/cmTryCompileExec1937339122.dir/build
make[1]: Entering directory '/home/comran/Code/uas/third_party/opencv/CMakeFiles/CMakeTmp'
/usr/bin/cmake -E cmake_progress_report /home/comran/Code/uas/third_party/opencv/CMakeFiles/CMakeTmp/CMakeFiles 1
Building C object CMakeFiles/cmTryCompileExec1937339122.dir/CheckFunctionExists.c.o
/usr/bin/cc   -fsigned-char -W -Wall -Werror=return-type -Werror=non-virtual-dtor -Werror=address -Werror=sequence-point -Wformat -Werror=format-security -Wmissing-declarations -Wmissing-prototypes -Wstrict-prototypes -Wundef -Winit-self -Wpointer-arith -Wshadow -Wno-narrowing -fdiagnostics-show-option -Wno-long-long -pthread -fomit-frame-pointer -msse -msse2 -mno-avx -msse3 -mno-ssse3 -mno-sse4.1 -mno-sse4.2 -ffunction-sections -fvisibility=hidden -DCHECK_FUNCTION_EXISTS=jbg_newlen -O3 -DNDEBUG   -o CMakeFiles/cmTryCompileExec1937339122.dir/CheckFunctionExists.c.o   -c /usr/share/cmake-3.0/Modules/CheckFunctionExists.c
/usr/share/cmake-3.0/Modules/CheckFunctionExists.c:3:1: warning: function declaration isnâ€™t a prototype [-Wstrict-prototypes]
 char CHECK_FUNCTION_EXISTS();
 ^
Linking C executable cmTryCompileExec1937339122
/usr/bin/cmake -E cmake_link_script CMakeFiles/cmTryCompileExec1937339122.dir/link.txt --verbose=1
/usr/bin/cc     -fsigned-char -W -Wall -Werror=return-type -Werror=non-virtual-dtor -Werror=address -Werror=sequence-point -Wformat -Werror=format-security -Wmissing-declarations -Wmissing-prototypes -Wstrict-prototypes -Wundef -Winit-self -Wpointer-arith -Wshadow -Wno-narrowing -fdiagnostics-show-option -Wno-long-long -pthread -fomit-frame-pointer -msse -msse2 -mno-avx -msse3 -mno-ssse3 -mno-sse4.1 -mno-sse4.2 -ffunction-sections -fvisibility=hidden -DCHECK_FUNCTION_EXISTS=jbg_newlen -O3 -DNDEBUG    CMakeFiles/cmTryCompileExec1937339122.dir/CheckFunctionExists.c.o  -o cmTryCompileExec1937339122 -rdynamic 
CMakeFiles/cmTryCompileExec1937339122.dir/CheckFunctionExists.c.o: In function `main':
CheckFunctionExists.c:(.text.startup.main+0xe): undefined reference to `jbg_newlen'
collect2: error: ld returned 1 exit status
CMakeFiles/cmTryCompileExec1937339122.dir/build.make:88: recipe for target 'cmTryCompileExec1937339122' failed
make[1]: Leaving directory '/home/comran/Code/uas/third_party/opencv/CMakeFiles/CMakeTmp'
make[1]: *** [cmTryCompileExec1937339122] Error 1
Makefile:118: recipe for target 'cmTryCompileExec1937339122/fast' failed
make: *** [cmTryCompileExec1937339122/fast] Error 2


Determining if the include file linux/videodev.h exists failed with the following output:
Change Dir: /home/comran/Code/uas/third_party/opencv/CMakeFiles/CMakeTmp

Run Build Command:"/usr/bin/make" "cmTryCompileExec3901694625/fast"
/usr/bin/make -f CMakeFiles/cmTryCompileExec3901694625.dir/build.make CMakeFiles/cmTryCompileExec3901694625.dir/build
make[1]: Entering directory '/home/comran/Code/uas/third_party/opencv/CMakeFiles/CMakeTmp'
/usr/bin/cmake -E cmake_progress_report /home/comran/Code/uas/third_party/opencv/CMakeFiles/CMakeTmp/CMakeFiles 1
Building C object CMakeFiles/cmTryCompileExec3901694625.dir/CheckIncludeFile.c.o
/usr/bin/cc   -fsigned-char -W -Wall -Werror=return-type -Werror=non-virtual-dtor -Werror=address -Werror=sequence-point -Wformat -Werror=format-security -Wmissing-declarations -Wmissing-prototypes -Wstrict-prototypes -Wundef -Winit-self -Wpointer-arith -Wshadow -Wno-narrowing -fdiagnostics-show-option -Wno-long-long -pthread -fomit-frame-pointer -msse -msse2 -mno-avx -msse3 -mno-ssse3 -mno-sse4.1 -mno-sse4.2 -ffunction-sections -fvisibility=hidden  -O3 -DNDEBUG   -o CMakeFiles/cmTryCompileExec3901694625.dir/CheckIncludeFile.c.o   -c /home/comran/Code/uas/third_party/opencv/CMakeFiles/CMakeTmp/CheckIncludeFile.c
/home/comran/Code/uas/third_party/opencv/CMakeFiles/CMakeTmp/CheckIncludeFile.c:1:28: fatal error: linux/videodev.h: No such file or directory
 #include <linux/videodev.h>
                            ^
compilation terminated.
CMakeFiles/cmTryCompileExec3901694625.dir/build.make:57: recipe for target 'CMakeFiles/cmTryCompileExec3901694625.dir/CheckIncludeFile.c.o' failed
make[1]: *** [CMakeFiles/cmTryCompileExec3901694625.dir/CheckIncludeFile.c.o] Error 1
make[1]: Leaving directory '/home/comran/Code/uas/third_party/opencv/CMakeFiles/CMakeTmp'
Makefile:118: recipe for target 'cmTryCompileExec3901694625/fast' failed
make: *** [cmTryCompileExec3901694625/fast] Error 2


Determining if the include file sys/videoio.h exists failed with the following output:
Change Dir: /home/comran/Code/uas/third_party/opencv/CMakeFiles/CMakeTmp

Run Build Command:"/usr/bin/make" "cmTryCompileExec1738738749/fast"
/usr/bin/make -f CMakeFiles/cmTryCompileExec1738738749.dir/build.make CMakeFiles/cmTryCompileExec1738738749.dir/build
make[1]: Entering directory '/home/comran/Code/uas/third_party/opencv/CMakeFiles/CMakeTmp'
/usr/bin/cmake -E cmake_progress_report /home/comran/Code/uas/third_party/opencv/CMakeFiles/CMakeTmp/CMakeFiles 1
Building C object CMakeFiles/cmTryCompileExec1738738749.dir/CheckIncludeFile.c.o
/usr/bin/cc   -fsigned-char -W -Wall -Werror=return-type -Werror=non-virtual-dtor -Werror=address -Werror=sequence-point -Wformat -Werror=format-security -Wmissing-declarations -Wmissing-prototypes -Wstrict-prototypes -Wundef -Winit-self -Wpointer-arith -Wshadow -Wno-narrowing -fdiagnostics-show-option -Wno-long-long -pthread -fomit-frame-pointer -msse -msse2 -mno-avx -msse3 -mno-ssse3 -mno-sse4.1 -mno-sse4.2 -ffunction-sections -fvisibility=hidden  -O3 -DNDEBUG   -o CMakeFiles/cmTryCompileExec1738738749.dir/CheckIncludeFile.c.o   -c /home/comran/Code/uas/third_party/opencv/CMakeFiles/CMakeTmp/CheckIncludeFile.c
/home/comran/Code/uas/third_party/opencv/CMakeFiles/CMakeTmp/CheckIncludeFile.c:1:25: fatal error: sys/videoio.h: No such file or directory
 #include <sys/videoio.h>
                         ^
compilation terminated.
CMakeFiles/cmTryCompileExec1738738749.dir/build.make:57: recipe for target 'CMakeFiles/cmTryCompileExec1738738749.dir/CheckIncludeFile.c.o' failed
make[1]: Leaving directory '/home/comran/Code/uas/third_party/opencv/CMakeFiles/CMakeTmp'
make[1]: *** [CMakeFiles/cmTryCompileExec1738738749.dir/CheckIncludeFile.c.o] Error 1
Makefile:118: recipe for target 'cmTryCompileExec1738738749/fast' failed
make: *** [cmTryCompileExec1738738749/fast] Error 2


Determining if the include file libavformat/avformat.h exists failed with the following output:
Change Dir: /home/comran/Code/uas/third_party/opencv/CMakeFiles/CMakeTmp

Run Build Command:"/usr/bin/make" "cmTryCompileExec1039527639/fast"
/usr/bin/make -f CMakeFiles/cmTryCompileExec1039527639.dir/build.make CMakeFiles/cmTryCompileExec1039527639.dir/build
make[1]: Entering directory '/home/comran/Code/uas/third_party/opencv/CMakeFiles/CMakeTmp'
/usr/bin/cmake -E cmake_progress_report /home/comran/Code/uas/third_party/opencv/CMakeFiles/CMakeTmp/CMakeFiles 1
Building C object CMakeFiles/cmTryCompileExec1039527639.dir/CheckIncludeFile.c.o
/usr/bin/cc   -fsigned-char -W -Wall -Werror=return-type -Werror=non-virtual-dtor -Werror=address -Werror=sequence-point -Wformat -Werror=format-security -Wmissing-declarations -Wmissing-prototypes -Wstrict-prototypes -Wundef -Winit-self -Wpointer-arith -Wshadow -Wno-narrowing -fdiagnostics-show-option -Wno-long-long -pthread -fomit-frame-pointer -msse -msse2 -mno-avx -msse3 -mno-ssse3 -mno-sse4.1 -mno-sse4.2 -ffunction-sections -fvisibility=hidden  -O3 -DNDEBUG   -o CMakeFiles/cmTryCompileExec1039527639.dir/CheckIncludeFile.c.o   -c /home/comran/Code/uas/third_party/opencv/CMakeFiles/CMakeTmp/CheckIncludeFile.c
/home/comran/Code/uas/third_party/opencv/CMakeFiles/CMakeTmp/CheckIncludeFile.c:1:34: fatal error: libavformat/avformat.h: No such file or directory
 #include <libavformat/avformat.h>
                                  ^
compilation terminated.
CMakeFiles/cmTryCompileExec1039527639.dir/build.make:57: recipe for target 'CMakeFiles/cmTryCompileExec1039527639.dir/CheckIncludeFile.c.o' failed
make[1]: Leaving directory '/home/comran/Code/uas/third_party/opencv/CMakeFiles/CMakeTmp'
make[1]: *** [CMakeFiles/cmTryCompileExec1039527639.dir/CheckIncludeFile.c.o] Error 1
Makefile:118: recipe for target 'cmTryCompileExec1039527639/fast' failed
make: *** [cmTryCompileExec1039527639/fast] Error 2


Determining if the include file ffmpeg/avformat.h exists failed with the following output:
Change Dir: /home/comran/Code/uas/third_party/opencv/CMakeFiles/CMakeTmp

Run Build Command:"/usr/bin/make" "cmTryCompileExec1089407920/fast"
/usr/bin/make -f CMakeFiles/cmTryCompileExec1089407920.dir/build.make CMakeFiles/cmTryCompileExec1089407920.dir/build
make[1]: Entering directory '/home/comran/Code/uas/third_party/opencv/CMakeFiles/CMakeTmp'
/usr/bin/cmake -E cmake_progress_report /home/comran/Code/uas/third_party/opencv/CMakeFiles/CMakeTmp/CMakeFiles 1
Building C object CMakeFiles/cmTryCompileExec1089407920.dir/CheckIncludeFile.c.o
/usr/bin/cc   -fsigned-char -W -Wall -Werror=return-type -Werror=non-virtual-dtor -Werror=address -Werror=sequence-point -Wformat -Werror=format-security -Wmissing-declarations -Wmissing-prototypes -Wstrict-prototypes -Wundef -Winit-self -Wpointer-arith -Wshadow -Wno-narrowing -fdiagnostics-show-option -Wno-long-long -pthread -fomit-frame-pointer -msse -msse2 -mno-avx -msse3 -mno-ssse3 -mno-sse4.1 -mno-sse4.2 -ffunction-sections -fvisibility=hidden  -O3 -DNDEBUG   -o CMakeFiles/cmTryCompileExec1089407920.dir/CheckIncludeFile.c.o   -c /home/comran/Code/uas/third_party/opencv/CMakeFiles/CMakeTmp/CheckIncludeFile.c
/home/comran/Code/uas/third_party/opencv/CMakeFiles/CMakeTmp/CheckIncludeFile.c:1:29: fatal error: ffmpeg/avformat.h: No such file or directory
 #include <ffmpeg/avformat.h>
                             ^
compilation terminated.
CMakeFiles/cmTryCompileExec1089407920.dir/build.make:57: recipe for target 'CMakeFiles/cmTryCompileExec1089407920.dir/CheckIncludeFile.c.o' failed
make[1]: Leaving directory '/home/comran/Code/uas/third_party/opencv/CMakeFiles/CMakeTmp'
make[1]: *** [CMakeFiles/cmTryCompileExec1089407920.dir/CheckIncludeFile.c.o] Error 1
Makefile:118: recipe for target 'cmTryCompileExec1089407920/fast' failed
make: *** [cmTryCompileExec1089407920/fast] Error 2


Determining if the include file linux/videodev.h exists failed with the following output:
Change Dir: /home/comran/Code/uas/third_party/opencv/CMakeFiles/CMakeTmp

Run Build Command:"/usr/bin/make" "cmTryCompileExec955831210/fast"
/usr/bin/make -f CMakeFiles/cmTryCompileExec955831210.dir/build.make CMakeFiles/cmTryCompileExec955831210.dir/build
make[1]: Entering directory '/home/comran/Code/uas/third_party/opencv/CMakeFiles/CMakeTmp'
/usr/bin/cmake -E cmake_progress_report /home/comran/Code/uas/third_party/opencv/CMakeFiles/CMakeTmp/CMakeFiles 1
Building C object CMakeFiles/cmTryCompileExec955831210.dir/CheckIncludeFile.c.o
/usr/bin/cc   -fsigned-char -W -Wall -Werror=return-type -Werror=non-virtual-dtor -Werror=address -Werror=sequence-point -Wformat -Werror=format-security -Wmissing-declarations -Wmissing-prototypes -Wstrict-prototypes -Wundef -Winit-self -Wpointer-arith -Wshadow -Wno-narrowing -fdiagnostics-show-option -Wno-long-long -pthread -fomit-frame-pointer -msse -msse2 -mno-avx -msse3 -mno-ssse3 -mno-sse4.1 -mno-sse4.2 -ffunction-sections -fvisibility=hidden  -O3 -DNDEBUG   -o CMakeFiles/cmTryCompileExec955831210.dir/CheckIncludeFile.c.o   -c /home/comran/Code/uas/third_party/opencv/CMakeFiles/CMakeTmp/CheckIncludeFile.c
/home/comran/Code/uas/third_party/opencv/CMakeFiles/CMakeTmp/CheckIncludeFile.c:1:28: fatal error: linux/videodev.h: No such file or directory
 #include <linux/videodev.h>
                            ^
compilation terminated.
CMakeFiles/cmTryCompileExec955831210.dir/build.make:57: recipe for target 'CMakeFiles/cmTryCompileExec955831210.dir/CheckIncludeFile.c.o' failed
make[1]: *** [CMakeFiles/cmTryCompileExec955831210.dir/CheckIncludeFile.c.o] Error 1
make[1]: Leaving directory '/home/comran/Code/uas/third_party/opencv/CMakeFiles/CMakeTmp'
Makefile:118: recipe for target 'cmTryCompileExec955831210/fast' failed
make: *** [cmTryCompileExec955831210/fast] Error 2


Determining if the include file sys/videoio.h exists failed with the following output:
Change Dir: /home/comran/Code/uas/third_party/opencv/CMakeFiles/CMakeTmp

Run Build Command:"/usr/bin/make" "cmTryCompileExec1764886677/fast"
/usr/bin/make -f CMakeFiles/cmTryCompileExec1764886677.dir/build.make CMakeFiles/cmTryCompileExec1764886677.dir/build
make[1]: Entering directory '/home/comran/Code/uas/third_party/opencv/CMakeFiles/CMakeTmp'
/usr/bin/cmake -E cmake_progress_report /home/comran/Code/uas/third_party/opencv/CMakeFiles/CMakeTmp/CMakeFiles 1
Building C object CMakeFiles/cmTryCompileExec1764886677.dir/CheckIncludeFile.c.o
/usr/bin/cc   -fsigned-char -W -Wall -Werror=return-type -Werror=non-virtual-dtor -Werror=address -Werror=sequence-point -Wformat -Werror=format-security -Wmissing-declarations -Wmissing-prototypes -Wstrict-prototypes -Wundef -Winit-self -Wpointer-arith -Wshadow -Wno-narrowing -fdiagnostics-show-option -Wno-long-long -pthread -fomit-frame-pointer -msse -msse2 -mno-avx -msse3 -mno-ssse3 -mno-sse4.1 -mno-sse4.2 -ffunction-sections -fvisibility=hidden  -O3 -DNDEBUG   -o CMakeFiles/cmTryCompileExec1764886677.dir/CheckIncludeFile.c.o   -c /home/comran/Code/uas/third_party/opencv/CMakeFiles/CMakeTmp/CheckIncludeFile.c
/home/comran/Code/uas/third_party/opencv/CMakeFiles/CMakeTmp/CheckIncludeFile.c:1:25: fatal error: sys/videoio.h: No such file or directory
 #include <sys/videoio.h>
                         ^
compilation terminated.
CMakeFiles/cmTryCompileExec1764886677.dir/build.make:57: recipe for target 'CMakeFiles/cmTryCompileExec1764886677.dir/CheckIncludeFile.c.o' failed
make[1]: Leaving directory '/home/comran/Code/uas/third_party/opencv/CMakeFiles/CMakeTmp'
make[1]: *** [CMakeFiles/cmTryCompileExec1764886677.dir/CheckIncludeFile.c.o] Error 1
Makefile:118: recipe for target 'cmTryCompileExec1764886677/fast' failed
make: *** [cmTryCompileExec1764886677/fast] Error 2


Determining if the include file libavformat/avformat.h exists failed with the following output:
Change Dir: /home/comran/Code/uas/third_party/opencv/CMakeFiles/CMakeTmp

Run Build Command:"/usr/bin/make" "cmTryCompileExec3490664987/fast"
/usr/bin/make -f CMakeFiles/cmTryCompileExec3490664987.dir/build.make CMakeFiles/cmTryCompileExec3490664987.dir/build
make[1]: Entering directory '/home/comran/Code/uas/third_party/opencv/CMakeFiles/CMakeTmp'
/usr/bin/cmake -E cmake_progress_report /home/comran/Code/uas/third_party/opencv/CMakeFiles/CMakeTmp/CMakeFiles 1
Building C object CMakeFiles/cmTryCompileExec3490664987.dir/CheckIncludeFile.c.o
/usr/bin/cc   -fsigned-char -W -Wall -Werror=return-type -Werror=non-virtual-dtor -Werror=address -Werror=sequence-point -Wformat -Werror=format-security -Wmissing-declarations -Wmissing-prototypes -Wstrict-prototypes -Wundef -Winit-self -Wpointer-arith -Wshadow -Wno-narrowing -fdiagnostics-show-option -Wno-long-long -pthread -fomit-frame-pointer -msse -msse2 -mno-avx -msse3 -mno-ssse3 -mno-sse4.1 -mno-sse4.2 -ffunction-sections -fvisibility=hidden  -O3 -DNDEBUG   -o CMakeFiles/cmTryCompileExec3490664987.dir/CheckIncludeFile.c.o   -c /home/comran/Code/uas/third_party/opencv/CMakeFiles/CMakeTmp/CheckIncludeFile.c
/home/comran/Code/uas/third_party/opencv/CMakeFiles/CMakeTmp/CheckIncludeFile.c:1:34: fatal error: libavformat/avformat.h: No such file or directory
 #include <libavformat/avformat.h>
                                  ^
compilation terminated.
CMakeFiles/cmTryCompileExec3490664987.dir/build.make:57: recipe for target 'CMakeFiles/cmTryCompileExec3490664987.dir/CheckIncludeFile.c.o' failed
make[1]: Leaving directory '/home/comran/Code/uas/third_party/opencv/CMakeFiles/CMakeTmp'
make[1]: *** [CMakeFiles/cmTryCompileExec3490664987.dir/CheckIncludeFile.c.o] Error 1
Makefile:118: recipe for target 'cmTryCompileExec3490664987/fast' failed
make: *** [cmTryCompileExec3490664987/fast] Error 2


Determining if the include file ffmpeg/avformat.h exists failed with the following output:
Change Dir: /home/comran/Code/uas/third_party/opencv/CMakeFiles/CMakeTmp

Run Build Command:"/usr/bin/make" "cmTryCompileExec3783075138/fast"
/usr/bin/make -f CMakeFiles/cmTryCompileExec3783075138.dir/build.make CMakeFiles/cmTryCompileExec3783075138.dir/build
make[1]: Entering directory '/home/comran/Code/uas/third_party/opencv/CMakeFiles/CMakeTmp'
/usr/bin/cmake -E cmake_progress_report /home/comran/Code/uas/third_party/opencv/CMakeFiles/CMakeTmp/CMakeFiles 1
Building C object CMakeFiles/cmTryCompileExec3783075138.dir/CheckIncludeFile.c.o
/usr/bin/cc   -fsigned-char -W -Wall -Werror=return-type -Werror=non-virtual-dtor -Werror=address -Werror=sequence-point -Wformat -Werror=format-security -Wmissing-declarations -Wmissing-prototypes -Wstrict-prototypes -Wundef -Winit-self -Wpointer-arith -Wshadow -Wno-narrowing -fdiagnostics-show-option -Wno-long-long -pthread -fomit-frame-pointer -msse -msse2 -mno-avx -msse3 -mno-ssse3 -mno-sse4.1 -mno-sse4.2 -ffunction-sections -fvisibility=hidden  -O3 -DNDEBUG   -o CMakeFiles/cmTryCompileExec3783075138.dir/CheckIncludeFile.c.o   -c /home/comran/Code/uas/third_party/opencv/CMakeFiles/CMakeTmp/CheckIncludeFile.c
/home/comran/Code/uas/third_party/opencv/CMakeFiles/CMakeTmp/CheckIncludeFile.c:1:29: fatal error: ffmpeg/avformat.h: No such file or directory
 #include <ffmpeg/avformat.h>
                             ^
compilation terminated.
CMakeFiles/cmTryCompileExec3783075138.dir/build.make:57: recipe for target 'CMakeFiles/cmTryCompileExec3783075138.dir/CheckIncludeFile.c.o' failed
make[1]: *** [CMakeFiles/cmTryCompileExec3783075138.dir/CheckIncludeFile.c.o] Error 1
make[1]: Leaving directory '/home/comran/Code/uas/third_party/opencv/CMakeFiles/CMakeTmp'
Makefile:118: recipe for target 'cmTryCompileExec3783075138/fast' failed
make: *** [cmTryCompileExec3783075138/fast] Error 2


Determining if the include file linux/videodev.h exists failed with the following output:
Change Dir: /home/comran/Code/uas/third_party/opencv/CMakeFiles/CMakeTmp

Run Build Command:"/usr/bin/make" "cmTryCompileExec1625874967/fast"
/usr/bin/make -f CMakeFiles/cmTryCompileExec1625874967.dir/build.make CMakeFiles/cmTryCompileExec1625874967.dir/build
make[1]: Entering directory '/home/comran/Code/uas/third_party/opencv/CMakeFiles/CMakeTmp'
/usr/bin/cmake -E cmake_progress_report /home/comran/Code/uas/third_party/opencv/CMakeFiles/CMakeTmp/CMakeFiles 1
Building C object CMakeFiles/cmTryCompileExec1625874967.dir/CheckIncludeFile.c.o
/usr/bin/cc   -fsigned-char -W -Wall -Werror=return-type -Werror=non-virtual-dtor -Werror=address -Werror=sequence-point -Wformat -Werror=format-security -Wmissing-declarations -Wmissing-prototypes -Wstrict-prototypes -Wundef -Winit-self -Wpointer-arith -Wshadow -Wno-narrowing -fdiagnostics-show-option -Wno-long-long -pthread -fomit-frame-pointer -msse -msse2 -mno-avx -msse3 -mno-ssse3 -mno-sse4.1 -mno-sse4.2 -ffunction-sections -fvisibility=hidden  -O3 -DNDEBUG   -o CMakeFiles/cmTryCompileExec1625874967.dir/CheckIncludeFile.c.o   -c /home/comran/Code/uas/third_party/opencv/CMakeFiles/CMakeTmp/CheckIncludeFile.c
/home/comran/Code/uas/third_party/opencv/CMakeFiles/CMakeTmp/CheckIncludeFile.c:1:28: fatal error: linux/videodev.h: No such file or directory
 #include <linux/videodev.h>
                            ^
compilation terminated.
CMakeFiles/cmTryCompileExec1625874967.dir/build.make:57: recipe for target 'CMakeFiles/cmTryCompileExec1625874967.dir/CheckIncludeFile.c.o' failed
make[1]: *** [CMakeFiles/cmTryCompileExec1625874967.dir/CheckIncludeFile.c.o] Error 1
make[1]: Leaving directory '/home/comran/Code/uas/third_party/opencv/CMakeFiles/CMakeTmp'
Makefile:118: recipe for target 'cmTryCompileExec1625874967/fast' failed
make: *** [cmTryCompileExec1625874967/fast] Error 2


Determining if the include file sys/videoio.h exists failed with the following output:
Change Dir: /home/comran/Code/uas/third_party/opencv/CMakeFiles/CMakeTmp

Run Build Command:"/usr/bin/make" "cmTryCompileExec1079288825/fast"
/usr/bin/make -f CMakeFiles/cmTryCompileExec1079288825.dir/build.make CMakeFiles/cmTryCompileExec1079288825.dir/build
make[1]: Entering directory '/home/comran/Code/uas/third_party/opencv/CMakeFiles/CMakeTmp'
/usr/bin/cmake -E cmake_progress_report /home/comran/Code/uas/third_party/opencv/CMakeFiles/CMakeTmp/CMakeFiles 1
Building C object CMakeFiles/cmTryCompileExec1079288825.dir/CheckIncludeFile.c.o
/usr/bin/cc   -fsigned-char -W -Wall -Werror=return-type -Werror=non-virtual-dtor -Werror=address -Werror=sequence-point -Wformat -Werror=format-security -Wmissing-declarations -Wmissing-prototypes -Wstrict-prototypes -Wundef -Winit-self -Wpointer-arith -Wshadow -Wno-narrowing -fdiagnostics-show-option -Wno-long-long -pthread -fomit-frame-pointer -msse -msse2 -mno-avx -msse3 -mno-ssse3 -mno-sse4.1 -mno-sse4.2 -ffunction-sections -fvisibility=hidden  -O3 -DNDEBUG   -o CMakeFiles/cmTryCompileExec1079288825.dir/CheckIncludeFile.c.o   -c /home/comran/Code/uas/third_party/opencv/CMakeFiles/CMakeTmp/CheckIncludeFile.c
/home/comran/Code/uas/third_party/opencv/CMakeFiles/CMakeTmp/CheckIncludeFile.c:1:25: fatal error: sys/videoio.h: No such file or directory
 #include <sys/videoio.h>
                         ^
compilation terminated.
CMakeFiles/cmTryCompileExec1079288825.dir/build.make:57: recipe for target 'CMakeFiles/cmTryCompileExec1079288825.dir/CheckIncludeFile.c.o' failed
make[1]: *** [CMakeFiles/cmTryCompileExec1079288825.dir/CheckIncludeFile.c.o] Error 1
make[1]: Leaving directory '/home/comran/Code/uas/third_party/opencv/CMakeFiles/CMakeTmp'
Makefile:118: recipe for target 'cmTryCompileExec1079288825/fast' failed
make: *** [cmTryCompileExec1079288825/fast] Error 2


Determining if the include file libavformat/avformat.h exists failed with the following output:
Change Dir: /home/comran/Code/uas/third_party/opencv/CMakeFiles/CMakeTmp

Run Build Command:"/usr/bin/make" "cmTryCompileExec1298990290/fast"
/usr/bin/make -f CMakeFiles/cmTryCompileExec1298990290.dir/build.make CMakeFiles/cmTryCompileExec1298990290.dir/build
make[1]: Entering directory '/home/comran/Code/uas/third_party/opencv/CMakeFiles/CMakeTmp'
/usr/bin/cmake -E cmake_progress_report /home/comran/Code/uas/third_party/opencv/CMakeFiles/CMakeTmp/CMakeFiles 1
Building C object CMakeFiles/cmTryCompileExec1298990290.dir/CheckIncludeFile.c.o
/usr/bin/cc   -fsigned-char -W -Wall -Werror=return-type -Werror=non-virtual-dtor -Werror=address -Werror=sequence-point -Wformat -Werror=format-security -Wmissing-declarations -Wmissing-prototypes -Wstrict-prototypes -Wundef -Winit-self -Wpointer-arith -Wshadow -Wno-narrowing -fdiagnostics-show-option -Wno-long-long -pthread -fomit-frame-pointer -msse -msse2 -mno-avx -msse3 -mno-ssse3 -mno-sse4.1 -mno-sse4.2 -ffunction-sections -fvisibility=hidden  -O3 -DNDEBUG   -o CMakeFiles/cmTryCompileExec1298990290.dir/CheckIncludeFile.c.o   -c /home/comran/Code/uas/third_party/opencv/CMakeFiles/CMakeTmp/CheckIncludeFile.c
/home/comran/Code/uas/third_party/opencv/CMakeFiles/CMakeTmp/CheckIncludeFile.c:1:34: fatal error: libavformat/avformat.h: No such file or directory
 #include <libavformat/avformat.h>
                                  ^
compilation terminated.
CMakeFiles/cmTryCompileExec1298990290.dir/build.make:57: recipe for target 'CMakeFiles/cmTryCompileExec1298990290.dir/CheckIncludeFile.c.o' failed
make[1]: *** [CMakeFiles/cmTryCompileExec1298990290.dir/CheckIncludeFile.c.o] Error 1
make[1]: Leaving directory '/home/comran/Code/uas/third_party/opencv/CMakeFiles/CMakeTmp'
Makefile:118: recipe for target 'cmTryCompileExec1298990290/fast' failed
make: *** [cmTryCompileExec1298990290/fast] Error 2


Determining if the include file ffmpeg/avformat.h exists failed with the following output:
Change Dir: /home/comran/Code/uas/third_party/opencv/CMakeFiles/CMakeTmp

Run Build Command:"/usr/bin/make" "cmTryCompileExec2963315651/fast"
/usr/bin/make -f CMakeFiles/cmTryCompileExec2963315651.dir/build.make CMakeFiles/cmTryCompileExec2963315651.dir/build
make[1]: Entering directory '/home/comran/Code/uas/third_party/opencv/CMakeFiles/CMakeTmp'
/usr/bin/cmake -E cmake_progress_report /home/comran/Code/uas/third_party/opencv/CMakeFiles/CMakeTmp/CMakeFiles 1
Building C object CMakeFiles/cmTryCompileExec2963315651.dir/CheckIncludeFile.c.o
/usr/bin/cc   -fsigned-char -W -Wall -Werror=return-type -Werror=non-virtual-dtor -Werror=address -Werror=sequence-point -Wformat -Werror=format-security -Wmissing-declarations -Wmissing-prototypes -Wstrict-prototypes -Wundef -Winit-self -Wpointer-arith -Wshadow -Wno-narrowing -fdiagnostics-show-option -Wno-long-long -pthread -fomit-frame-pointer -msse -msse2 -mno-avx -msse3 -mno-ssse3 -mno-sse4.1 -mno-sse4.2 -ffunction-sections -fvisibility=hidden  -O3 -DNDEBUG   -o CMakeFiles/cmTryCompileExec2963315651.dir/CheckIncludeFile.c.o   -c /home/comran/Code/uas/third_party/opencv/CMakeFiles/CMakeTmp/CheckIncludeFile.c
/home/comran/Code/uas/third_party/opencv/CMakeFiles/CMakeTmp/CheckIncludeFile.c:1:29: fatal error: ffmpeg/avformat.h: No such file or directory
 #include <ffmpeg/avformat.h>
                             ^
compilation terminated.
CMakeFiles/cmTryCompileExec2963315651.dir/build.make:57: recipe for target 'CMakeFiles/cmTryCompileExec2963315651.dir/CheckIncludeFile.c.o' failed
make[1]: Leaving directory '/home/comran/Code/uas/third_party/opencv/CMakeFiles/CMakeTmp'
make[1]: *** [CMakeFiles/cmTryCompileExec2963315651.dir/CheckIncludeFile.c.o] Error 1
Makefile:118: recipe for target 'cmTryCompileExec2963315651/fast' failed
make: *** [cmTryCompileExec2963315651/fast] Error 2


